GET /qa/1009/answers 200 1683 - 2258.844 ms
GET /qa/3059/answers 200 1472 - 1801.203 ms
GET /qa/39?page=1&count=5 200 34 - 7.088 ms
GET /qa/503?page=1&count=5 200 865 - 3903.560 ms
GET /qa/5432 200 413 - 3925.882 ms
GET /qa/8765?page=1&count=5 200 1272 - 3960.636 ms
GET /qa/9999?page=1&count=5 200 378 - 14231.785 ms
GET /qa/9999?page=1&count=5 200 378 - 9972.705 ms
GET /qa/answer/3059/report 404 160 - 0.301 ms
GET /qa/answer/3059/report 404 160 - 0.988 ms
POST /qa/39 201 7 - 13.738 ms
POST /qa/8888/answers 201 7 - 16.229 ms
POST /qa/8888/answers 404 9 - 15.567 ms
POST /qa/9888/answers 201 7 - 6.013 ms
POST /qa/9999 201 7 - 17.944 ms
POST /qa/9999 201 7 - 3.959 ms
PUT /qa/answer/1/report 204 - - 8.559 ms
PUT /qa/answer/1/report 204 - - 9.709 ms
PUT /qa/answer/39583/helpful 204 - - 3.003 ms
PUT /qa/question/20000/helpful 204 - - 2.803 ms
PUT /qa/question/27017/helpful 204 - - 4.101 ms
PUT /qa/question/7777/report 204 - - 2.890 ms
PUT /qa/question/7777/report 204 - - 3.673 ms
PUT /qa/question/9994/helpful 204 - - 7.568 ms
GET /qa/1 - - - - ms
GET /qa/1 - - - - ms
GET /qa/1 200 1080 - 11030.828 ms
GET /favicon.ico 404 150 - 1.264 ms
GET /qa/10000 200 1377 - 3639.570 ms
PUT /qa/answer/10/report 400 11 - 7.349 ms
GET /qa/10000 200 1377 - 3892.608 ms
PUT /qa/question/10000 404 156 - 0.512 ms
POST /qa 404 142 - 0.191 ms
PUT /qa/question/10000 404 156 - 0.348 ms
GET /qa/1000/answers 200 736 - 1877.222 ms
PUT /qa/question/10000 404 156 - 0.283 ms
GET /qa/1000/answers 200 736 - 1731.037 ms
PUT /qa/answer/10/helpful 404 9 - 4.713 ms
PUT /qa/question/10000 404 156 - 0.328 ms
GET /qa/10000 200 1224 - 3885.170 ms
GET /qa/10000 200 1206 - 3712.417 ms
PUT /qa/question/10000 404 156 - 0.356 ms
PUT /qa/question/10000 404 156 - 0.234 ms
PUT /qa/answer/10/helpful 404 9 - 2.823 ms
PUT /qa/question/10000 404 156 - 0.390 ms
GET /qa/1000/answers 200 736 - 1871.228 ms
GET /qa/1000/answers 200 736 - 1790.600 ms
GET /qa/10000 200 1206 - 3734.550 ms
PUT /qa/answer/10/report 400 11 - 2.533 ms
GET /qa/10000 200 1388 - 3869.620 ms
GET /qa/10000 200 1206 - 3627.515 ms
POST /qa/1000/answers 404 9 - 5.830 ms
GET /qa/1000/answers 200 736 - 1956.092 ms
GET /qa/10000 200 1262 - 3726.073 ms
GET /qa/10000 200 1595 - 3782.071 ms
POST /qa 404 142 - 0.162 ms
PUT /qa/answer/10/helpful 404 9 - 1.905 ms
POST /qa 404 142 - 0.213 ms
PUT /qa/answer/10/helpful 404 9 - 2.567 ms
GET /qa/10000 200 1220 - 3905.749 ms
POST /qa/1000/answers 404 9 - 2.680 ms
GET /qa/10000 200 1262 - 3731.038 ms
POST /qa 404 142 - 0.224 ms
PUT /qa/question/10000 404 156 - 0.320 ms
PUT /qa/question/10000 404 156 - 0.383 ms
GET /qa/1000/answers 200 736 - 1835.418 ms
GET /qa/10000 200 1206 - 3550.490 ms
GET /qa/1000/answers 200 736 - 1830.744 ms
PUT /qa/question/10000 404 156 - 0.379 ms
PUT /qa/answer/10/helpful 404 9 - 3.623 ms
POST /qa/1000/answers 404 9 - 1.910 ms
PUT /qa/question/10000 404 156 - 0.232 ms
POST /qa/1000/answers 404 9 - 2.339 ms
POST /qa 404 142 - 0.199 ms
POST /qa/8888/answers 201 7 - 18.779 ms
